# JRE version: Java(TM) SE Runtime Environment (8.0_162-b12) (build 1.8.0_162-b12)
# Java VM: Java HotSpot(TM) 64-Bit Server VM (25.162-b12 mixed mode windows-amd64 compressed oops)
Heap:
 PSYoungGen      total 141824K, used 72672K [0x000000076b180000, 0x0000000774680000, 0x00000007c0000000)
  eden space 131072K, 47% used [0x000000076b180000,0x000000076edf9b08,0x0000000773180000)
  from space 10752K, 99% used [0x0000000773c00000,0x000000077467e758,0x0000000774680000)
  to   space 10752K, 0% used [0x0000000773180000,0x0000000773180000,0x0000000773c00000)
 ParOldGen       total 175104K, used 17780K [0x00000006c1400000, 0x00000006cbf00000, 0x000000076b180000)
  object space 175104K, 10% used [0x00000006c1400000,0x00000006c255d3b0,0x00000006cbf00000)
 Metaspace       used 17521K, capacity 17954K, committed 18048K, reserved 1064960K
  class space    used 1993K, capacity 2152K, committed 2176K, reserved 1048576K
GC Heap History (8 events):
Event: 2.167 GC heap before
{Heap before GC invocations=1 (full 0):
 PSYoungGen      total 76288K, used 65536K [0x000000076b180000, 0x0000000770680000, 0x00000007c0000000)
  eden space 65536K, 100% used [0x000000076b180000,0x000000076f180000,0x000000076f180000)
  from space 10752K, 0% used [0x000000076fc00000,0x000000076fc00000,0x0000000770680000)
  to   space 10752K, 0% used [0x000000076f180000,0x000000076f180000,0x000000076fc00000)
 ParOldGen       total 175104K, used 0K [0x00000006c1400000, 0x00000006cbf00000, 0x000000076b180000)
  object space 175104K, 0% used [0x00000006c1400000,0x00000006c1400000,0x00000006cbf00000)
 Metaspace       used 15667K, capacity 16048K, committed 16384K, reserved 1062912K
  class space    used 1785K, capacity 1924K, committed 2048K, reserved 1048576K
Event: 2.175 GC heap after
Heap after GC invocations=1 (full 0):
 PSYoungGen      total 76288K, used 10734K [0x000000076b180000, 0x0000000770680000, 0x00000007c0000000)
  eden space 65536K, 0% used [0x000000076b180000,0x000000076b180000,0x000000076f180000)
  from space 10752K, 99% used [0x000000076f180000,0x000000076fbfb840,0x000000076fc00000)
  to   space 10752K, 0% used [0x000000076fc00000,0x000000076fc00000,0x0000000770680000)
 ParOldGen       total 175104K, used 149K [0x00000006c1400000, 0x00000006cbf00000, 0x000000076b180000)
  object space 175104K, 0% used [0x00000006c1400000,0x00000006c14255b0,0x00000006cbf00000)
 Metaspace       used 15667K, capacity 16048K, committed 16384K, reserved 1062912K
  class space    used 1785K, capacity 1924K, committed 2048K, reserved 1048576K
}
Event: 2.500 GC heap before
{Heap before GC invocations=2 (full 0):
 PSYoungGen      total 76288K, used 76270K [0x000000076b180000, 0x0000000770680000, 0x00000007c0000000)
  eden space 65536K, 100% used [0x000000076b180000,0x000000076f180000,0x000000076f180000)
  from space 10752K, 99% used [0x000000076f180000,0x000000076fbfb840,0x000000076fc00000)
  to   space 10752K, 0% used [0x000000076fc00000,0x000000076fc00000,0x0000000770680000)
 ParOldGen       total 175104K, used 149K [0x00000006c1400000, 0x00000006cbf00000, 0x000000076b180000)
  object space 175104K, 0% used [0x00000006c1400000,0x00000006c14255b0,0x00000006cbf00000)
 Metaspace       used 17302K, capacity 17692K, committed 17792K, reserved 1064960K
  class space    used 1988K, capacity 2151K, committed 2176K, reserved 1048576K
Event: 2.509 GC heap after
Heap after GC invocations=2 (full 0):
 PSYoungGen      total 76288K, used 10741K [0x000000076b180000, 0x0000000774680000, 0x00000007c0000000)
  eden space 65536K, 0% used [0x000000076b180000,0x000000076b180000,0x000000076f180000)
  from space 10752K, 99% used [0x000000076fc00000,0x000000077067d6c8,0x0000000770680000)
  to   space 10752K, 0% used [0x000000076f180000,0x000000076f180000,0x000000076fc00000)
 ParOldGen       total 175104K, used 5284K [0x00000006c1400000, 0x00000006cbf00000, 0x000000076b180000)
  object space 175104K, 3% used [0x00000006c1400000,0x00000006c1929070,0x00000006cbf00000)
 Metaspace       used 17302K, capacity 17692K, committed 17792K, reserved 1064960K
  class space    used 1988K, capacity 2151K, committed 2176K, reserved 1048576K
}
Event: 2.673 GC heap before
{Heap before GC invocations=3 (full 0):
 PSYoungGen      total 76288K, used 76277K [0x000000076b180000, 0x0000000774680000, 0x00000007c0000000)
  eden space 65536K, 100% used [0x000000076b180000,0x000000076f180000,0x000000076f180000)
  from space 10752K, 99% used [0x000000076fc00000,0x000000077067d6c8,0x0000000770680000)
  to   space 10752K, 0% used [0x000000076f180000,0x000000076f180000,0x000000076fc00000)
 ParOldGen       total 175104K, used 5284K [0x00000006c1400000, 0x00000006cbf00000, 0x000000076b180000)
  object space 175104K, 3% used [0x00000006c1400000,0x00000006c1929070,0x00000006cbf00000)
 Metaspace       used 17350K, capacity 17820K, committed 18048K, reserved 1064960K
  class space    used 1988K, capacity 2151K, committed 2176K, reserved 1048576K
Event: 2.682 GC heap after
Heap after GC invocations=3 (full 0):
 PSYoungGen      total 76288K, used 10745K [0x000000076b180000, 0x0000000774680000, 0x00000007c0000000)
  eden space 65536K, 0% used [0x000000076b180000,0x000000076b180000,0x000000076f180000)
  from space 10752K, 99% used [0x000000076f180000,0x000000076fbfe750,0x000000076fc00000)
  to   space 10752K, 0% used [0x0000000773c00000,0x0000000773c00000,0x0000000774680000)
 ParOldGen       total 175104K, used 11106K [0x00000006c1400000, 0x00000006cbf00000, 0x000000076b180000)
  object space 175104K, 6% used [0x00000006c1400000,0x00000006c1ed8a20,0x00000006cbf00000)
 Metaspace       used 17350K, capacity 17820K, committed 18048K, reserved 1064960K
  class space    used 1988K, capacity 2151K, committed 2176K, reserved 1048576K
}
Event: 2.835 GC heap before
{Heap before GC invocations=4 (full 0):
 PSYoungGen      total 76288K, used 76281K [0x000000076b180000, 0x0000000774680000, 0x00000007c0000000)
  eden space 65536K, 100% used [0x000000076b180000,0x000000076f180000,0x000000076f180000)
  from space 10752K, 99% used [0x000000076f180000,0x000000076fbfe750,0x000000076fc00000)
  to   space 10752K, 0% used [0x0000000773c00000,0x0000000773c00000,0x0000000774680000)
 ParOldGen       total 175104K, used 11106K [0x00000006c1400000, 0x00000006cbf00000, 0x000000076b180000)
  object space 175104K, 6% used [0x00000006c1400000,0x00000006c1ed8a20,0x00000006cbf00000)
 Metaspace       used 17377K, capacity 17820K, committed 18048K, reserved 1064960K
  class space    used 1988K, capacity 2151K, committed 2176K, reserved 1048576K
Event: 2.843 GC heap after
Heap after GC invocations=4 (full 0):
 PSYoungGen      total 141824K, used 10745K [0x000000076b180000, 0x0000000774680000, 0x00000007c0000000)
  eden space 131072K, 0% used [0x000000076b180000,0x000000076b180000,0x0000000773180000)
  from space 10752K, 99% used [0x0000000773c00000,0x000000077467e758,0x0000000774680000)
  to   space 10752K, 0% used [0x0000000773180000,0x0000000773180000,0x0000000773c00000)
 ParOldGen       total 175104K, used 17780K [0x00000006c1400000, 0x00000006cbf00000, 0x000000076b180000)
  object space 175104K, 10% used [0x00000006c1400000,0x00000006c255d3b0,0x00000006cbf00000)
 Metaspace       used 17377K, capacity 17820K, committed 18048K, reserved 1064960K
  class space    used 1988K, capacity 2151K, committed 2176K, reserved 1048576K
}

