# JRE version: Java(TM) SE Runtime Environment (8.0_162-b12) (build 1.8.0_162-b12)
# Java VM: Java HotSpot(TM) 64-Bit Server VM (25.162-b12 mixed mode windows-amd64 compressed oops)
Heap:
 PSYoungGen      total 75264K, used 41180K [0x00000000fab00000, 0x00000000fff80000, 0x0000000100000000)
  eden space 64512K, 60% used [0x00000000fab00000,0x00000000fd0e1100,0x00000000fea00000)
  from space 10752K, 22% used [0x00000000fea00000,0x00000000fec56230,0x00000000ff480000)
  to   space 10240K, 0% used [0x00000000ff580000,0x00000000ff580000,0x00000000fff80000)
 ParOldGen       total 87552K, used 20171K [0x00000000f0000000, 0x00000000f5580000, 0x00000000fab00000)
  object space 87552K, 23% used [0x00000000f0000000,0x00000000f13b2cc8,0x00000000f5580000)
 Metaspace       used 37670K, capacity 38178K, committed 38440K, reserved 1083392K
  class space    used 4698K, capacity 4839K, committed 4912K, reserved 1048576K
GC Heap History (10 events):
Event: 8.888 GC heap before
{Heap before GC invocations=41 (full 1):
 PSYoungGen      total 74240K, used 66194K [0x00000000fab00000, 0x00000000fff80000, 0x0000000100000000)
  eden space 62464K, 100% used [0x00000000fab00000,0x00000000fe800000,0x00000000fe800000)
  from space 11776K, 31% used [0x00000000fe800000,0x00000000feba4b08,0x00000000ff380000)
  to   space 11264K, 0% used [0x00000000ff480000,0x00000000ff480000,0x00000000fff80000)
 ParOldGen       total 87552K, used 27797K [0x00000000f0000000, 0x00000000f5580000, 0x00000000fab00000)
  object space 87552K, 31% used [0x00000000f0000000,0x00000000f1b257c0,0x00000000f5580000)
 Metaspace       used 34674K, capacity 35184K, committed 35496K, reserved 1081344K
  class space    used 4317K, capacity 4484K, committed 4528K, reserved 1048576K
Event: 8.891 GC heap after
Heap after GC invocations=41 (full 1):
 PSYoungGen      total 75264K, used 2167K [0x00000000fab00000, 0x00000000fff80000, 0x0000000100000000)
  eden space 64000K, 0% used [0x00000000fab00000,0x00000000fab00000,0x00000000fe980000)
  from space 11264K, 19% used [0x00000000ff480000,0x00000000ff69dcc0,0x00000000fff80000)
  to   space 11264K, 0% used [0x00000000fe980000,0x00000000fe980000,0x00000000ff480000)
 ParOldGen       total 87552K, used 28702K [0x00000000f0000000, 0x00000000f5580000, 0x00000000fab00000)
  object space 87552K, 32% used [0x00000000f0000000,0x00000000f1c07bd0,0x00000000f5580000)
 Metaspace       used 34674K, capacity 35184K, committed 35496K, reserved 1081344K
  class space    used 4317K, capacity 4484K, committed 4528K, reserved 1048576K
}
Event: 8.968 GC heap before
{Heap before GC invocations=42 (full 1):
 PSYoungGen      total 75264K, used 21177K [0x00000000fab00000, 0x00000000fff80000, 0x0000000100000000)
  eden space 64000K, 29% used [0x00000000fab00000,0x00000000fbd90ab8,0x00000000fe980000)
  from space 11264K, 19% used [0x00000000ff480000,0x00000000ff69dcc0,0x00000000fff80000)
  to   space 11264K, 0% used [0x00000000fe980000,0x00000000fe980000,0x00000000ff480000)
 ParOldGen       total 87552K, used 28702K [0x00000000f0000000, 0x00000000f5580000, 0x00000000fab00000)
  object space 87552K, 32% used [0x00000000f0000000,0x00000000f1c07bd0,0x00000000f5580000)
 Metaspace       used 34935K, capacity 35350K, committed 35496K, reserved 1081344K
  class space    used 4352K, capacity 4517K, committed 4528K, reserved 1048576K
Event: 8.970 GC heap after
Heap after GC invocations=42 (full 1):
 PSYoungGen      total 75264K, used 928K [0x00000000fab00000, 0x0000000100000000, 0x0000000100000000)
  eden space 64000K, 0% used [0x00000000fab00000,0x00000000fab00000,0x00000000fe980000)
  from space 11264K, 8% used [0x00000000fe980000,0x00000000fea68010,0x00000000ff480000)
  to   space 11264K, 0% used [0x00000000ff500000,0x00000000ff500000,0x0000000100000000)
 ParOldGen       total 87552K, used 29386K [0x00000000f0000000, 0x00000000f5580000, 0x00000000fab00000)
  object space 87552K, 33% used [0x00000000f0000000,0x00000000f1cb2be0,0x00000000f5580000)
 Metaspace       used 34935K, capacity 35350K, committed 35496K, reserved 1081344K
  class space    used 4352K, capacity 4517K, committed 4528K, reserved 1048576K
}
Event: 8.970 GC heap before
{Heap before GC invocations=43 (full 2):
 PSYoungGen      total 75264K, used 928K [0x00000000fab00000, 0x0000000100000000, 0x0000000100000000)
  eden space 64000K, 0% used [0x00000000fab00000,0x00000000fab00000,0x00000000fe980000)
  from space 11264K, 8% used [0x00000000fe980000,0x00000000fea68010,0x00000000ff480000)
  to   space 11264K, 0% used [0x00000000ff500000,0x00000000ff500000,0x0000000100000000)
 ParOldGen       total 87552K, used 29386K [0x00000000f0000000, 0x00000000f5580000, 0x00000000fab00000)
  object space 87552K, 33% used [0x00000000f0000000,0x00000000f1cb2be0,0x00000000f5580000)
 Metaspace       used 34935K, capacity 35350K, committed 35496K, reserved 1081344K
  class space    used 4352K, capacity 4517K, committed 4528K, reserved 1048576K
Event: 9.013 GC heap after
Heap after GC invocations=43 (full 2):
 PSYoungGen      total 75264K, used 0K [0x00000000fab00000, 0x0000000100000000, 0x0000000100000000)
  eden space 64000K, 0% used [0x00000000fab00000,0x00000000fab00000,0x00000000fe980000)
  from space 11264K, 0% used [0x00000000fe980000,0x00000000fe980000,0x00000000ff480000)
  to   space 11264K, 0% used [0x00000000ff500000,0x00000000ff500000,0x0000000100000000)
 ParOldGen       total 87552K, used 20155K [0x00000000f0000000, 0x00000000f5580000, 0x00000000fab00000)
  object space 87552K, 23% used [0x00000000f0000000,0x00000000f13aecc8,0x00000000f5580000)
 Metaspace       used 34935K, capacity 35350K, committed 35496K, reserved 1081344K
  class space    used 4352K, capacity 4517K, committed 4528K, reserved 1048576K
}
Event: 9.267 GC heap before
{Heap before GC invocations=44 (full 2):
 PSYoungGen      total 75264K, used 64000K [0x00000000fab00000, 0x0000000100000000, 0x0000000100000000)
  eden space 64000K, 100% used [0x00000000fab00000,0x00000000fe980000,0x00000000fe980000)
  from space 11264K, 0% used [0x00000000fe980000,0x00000000fe980000,0x00000000ff480000)
  to   space 11264K, 0% used [0x00000000ff500000,0x00000000ff500000,0x0000000100000000)
 ParOldGen       total 87552K, used 20155K [0x00000000f0000000, 0x00000000f5580000, 0x00000000fab00000)
  object space 87552K, 23% used [0x00000000f0000000,0x00000000f13aecc8,0x00000000f5580000)
 Metaspace       used 36757K, capacity 37244K, committed 37544K, reserved 1081344K
  class space    used 4598K, capacity 4742K, committed 4784K, reserved 1048576K
Event: 9.269 GC heap after
Heap after GC invocations=44 (full 2):
 PSYoungGen      total 74752K, used 2406K [0x00000000fab00000, 0x00000000fff00000, 0x0000000100000000)
  eden space 64512K, 0% used [0x00000000fab00000,0x00000000fab00000,0x00000000fea00000)
  from space 10240K, 23% used [0x00000000ff500000,0x00000000ff759bc8,0x00000000fff00000)
  to   space 10752K, 0% used [0x00000000fea00000,0x00000000fea00000,0x00000000ff480000)
 ParOldGen       total 87552K, used 20163K [0x00000000f0000000, 0x00000000f5580000, 0x00000000fab00000)
  object space 87552K, 23% used [0x00000000f0000000,0x00000000f13b0cc8,0x00000000f5580000)
 Metaspace       used 36757K, capacity 37244K, committed 37544K, reserved 1081344K
  class space    used 4598K, capacity 4742K, committed 4784K, reserved 1048576K
}
Event: 9.466 GC heap before
{Heap before GC invocations=45 (full 2):
 PSYoungGen      total 74752K, used 66918K [0x00000000fab00000, 0x00000000fff00000, 0x0000000100000000)
  eden space 64512K, 100% used [0x00000000fab00000,0x00000000fea00000,0x00000000fea00000)
  from space 10240K, 23% used [0x00000000ff500000,0x00000000ff759bc8,0x00000000fff00000)
  to   space 10752K, 0% used [0x00000000fea00000,0x00000000fea00000,0x00000000ff480000)
 ParOldGen       total 87552K, used 20163K [0x00000000f0000000, 0x00000000f5580000, 0x00000000fab00000)
  object space 87552K, 23% used [0x00000000f0000000,0x00000000f13b0cc8,0x00000000f5580000)
 Metaspace       used 37521K, capacity 37980K, committed 38184K, reserved 1083392K
  class space    used 4679K, capacity 4838K, committed 4912K, reserved 1048576K
Event: 9.469 GC heap after
Heap after GC invocations=45 (full 2):
 PSYoungGen      total 75264K, used 2392K [0x00000000fab00000, 0x00000000fff80000, 0x0000000100000000)
  eden space 64512K, 0% used [0x00000000fab00000,0x00000000fab00000,0x00000000fea00000)
  from space 10752K, 22% used [0x00000000fea00000,0x00000000fec56230,0x00000000ff480000)
  to   space 10240K, 0% used [0x00000000ff580000,0x00000000ff580000,0x00000000fff80000)
 ParOldGen       total 87552K, used 20171K [0x00000000f0000000, 0x00000000f5580000, 0x00000000fab00000)
  object space 87552K, 23% used [0x00000000f0000000,0x00000000f13b2cc8,0x00000000f5580000)
 Metaspace       used 37521K, capacity 37980K, committed 38184K, reserved 1083392K
  class space    used 4679K, capacity 4838K, committed 4912K, reserved 1048576K
}

